[2025-07-14 03:31:52] prod.ERROR: Ошибка перевода: SQLSTATE[42S02]: Base table or view not found: 1146 Table 'vv513819_db.mt_about' doesn't exist (Connection: mysql, SQL: select `title_ru` as `value` from `mt_about` where `code` = us limit 1)  
[2025-07-14 03:35:51] prod.ERROR: Ошибка перевода: SQLSTATE[42S02]: Base table or view not found: 1146 Table 'vv513819_db.mt_about' doesn't exist (Connection: mysql, SQL: select `title_ru` as `value` from `mt_about` where `code` = us limit 1)  
[2025-07-14 06:47:55] prod.ERROR: Ошибка перевода: SQLSTATE[42S02]: Base table or view not found: 1146 Table 'vv513819_db.mt_about' doesn't exist (Connection: mysql, SQL: select `title_ru` as `value` from `mt_about` where `code` = us limit 1)  
[2025-07-14 07:01:53] prod.ERROR: Ошибка перевода: SQLSTATE[42S02]: Base table or view not found: 1146 Table 'vv513819_db.mt_about' doesn't exist (Connection: mysql, SQL: select `title_ru` as `value` from `mt_about` where `code` = us limit 1)  
[2025-07-14 07:01:57] prod.ERROR: Ошибка перевода: SQLSTATE[42S02]: Base table or view not found: 1146 Table 'vv513819_db.mt_about' doesn't exist (Connection: mysql, SQL: select `title_ru` as `value` from `mt_about` where `code` = us limit 1)  
[2025-07-14 07:12:22] prod.ERROR: Ошибка перевода: SQLSTATE[42S02]: Base table or view not found: 1146 Table 'vv513819_db.mt_about' doesn't exist (Connection: mysql, SQL: select `title_ru` as `value` from `mt_about` where `code` = us limit 1)  
[2025-07-14 08:14:17] prod.ERROR: Cannot redeclare function simple_php_captcha() (previously declared in /home/vv513819/maxtransltd.com/www/legacy/admin/libs/captcha/simple-php-captcha.php:9) {"exception":"[object] (Symfony\\Component\\ErrorHandler\\Error\\FatalError(code: 0): Cannot redeclare function simple_php_captcha() (previously declared in /home/vv513819/maxtransltd.com/www/legacy/admin/libs/captcha/simple-php-captcha.php:9) at /home/vv513819/maxtransltd.com/www/legacy/admin/libs/captcha/simple-php-captcha.php:9)
[stacktrace]
#0 {main}
"} 
[2025-07-14 08:34:34] prod.INFO: LiqPay callback received {"payment_id":2677639733,"action":"pay","status":"sandbox","version":3,"type":"buy","paytype":"card","public_key":"i78537990534","acq_id":414963,"order_id":"ORDER_order_6874bff2663a62.98246641_1752481781","liqpay_order_id":"LSZ4VMSJ1752482073764249","description":"Билет на маршрут Афины Остановка &#34;Эсперия Тревел&#34; - Запорожье Старосенная на 2025-7-18, 1 пассажиров. Покупатель: credonull@gmail.com Test TEst +38 (097) 621-2422","sender_phone":"380976212422","sender_card_mask2":"516936*93","sender_card_bank":"pb","sender_card_type":"mc","sender_card_country":804,"ip":"104.28.252.247","amount":5000.0,"currency":"UAH","sender_commission":0.0,"receiver_commission":75.0,"agent_commission":0.0,"amount_debit":5000.0,"amount_credit":5000.0,"commission_debit":0.0,"commission_credit":75.0,"currency_debit":"UAH","currency_credit":"UAH","sender_bonus":0.0,"amount_bonus":0.0,"mpi_eci":"7","is_3ds":false,"language":"uk","product_description":"Билет на маршрут Афины Остановка &#34;Эсперия Тревел&#34; - Запорожье Старосенная на 2025-7-18, 1 пассажиров. Покупатель: credonull@gmail.com Test TEst +38 (097) 621-2422","create_date":1752482073767,"end_date":1752482074048,"confirm_phone":"380976212422","transaction_id":2677639733} 
[2025-07-14 08:34:34] prod.INFO: Order ID extraction: {"original":"ORDER_order_6874bff2663a62.98246641_1752481781","extracted":"order_6874bff2663a62.98246641"} 
[2025-07-14 08:34:34] prod.INFO: Starting processSuccessfulPayment for order: order_6874bff2663a62.98246641  
[2025-07-14 08:34:34] prod.INFO: Order search result for uniqId=order_6874bff2663a62.98246641 {"found":true} 
[2025-07-14 08:34:34] prod.INFO: Order found {"order_id":1000621,"tour_id":51} 
[2025-07-14 08:34:34] prod.INFO: sql select passangers [{"stdClass":{"id":798,"name":"Test","second_name":"TEst","patronymic":"","order_id":"order_6874bff2663a62.98246641","birth_date":"","ticket_return":0,"return_reason":0,"return_payment_type":0,"return_date":null}}] 
[2025-07-14 08:34:34] prod.INFO: Email sent to: credonull@gmail.com  
[2025-07-14 08:34:34] prod.INFO: Tickets processed successfully for order: order_6874bff2663a62.98246641  
[2025-07-14 08:42:50] prod.INFO: LiqPay callback received {"payment_id":2677644891,"action":"pay","status":"sandbox","version":3,"type":"buy","paytype":"card","public_key":"i78537990534","acq_id":414963,"order_id":"ORDER_order_6874c2ecc26be6.19637869_1752482543","liqpay_order_id":"SGX3FGKN1752482570334421","description":"Билет на маршрут Афины Остановка &#34;Эсперия Тревел&#34; - Запорожье Старосенная на 2025-7-25, 1 пассажиров. Покупатель: test@test.test Test Test +38 (011) 111-1111","sender_phone":"380976212422","sender_card_mask2":"516936*93","sender_card_bank":"pb","sender_card_type":"mc","sender_card_country":804,"ip":"104.28.252.247","amount":5000.0,"currency":"UAH","sender_commission":0.0,"receiver_commission":75.0,"agent_commission":0.0,"amount_debit":5000.0,"amount_credit":5000.0,"commission_debit":0.0,"commission_credit":75.0,"currency_debit":"UAH","currency_credit":"UAH","sender_bonus":0.0,"amount_bonus":0.0,"mpi_eci":"7","is_3ds":false,"language":"uk","product_description":"Билет на маршрут Афины Остановка &#34;Эсперия Тревел&#34; - Запорожье Старосенная на 2025-7-25, 1 пассажиров. Покупатель: test@test.test Test Test +38 (011) 111-1111","create_date":1752482570336,"end_date":1752482570637,"confirm_phone":"380976212422","transaction_id":2677644891} 
[2025-07-14 08:42:50] prod.INFO: Order ID extraction: {"original":"ORDER_order_6874c2ecc26be6.19637869_1752482543","extracted":"order_6874c2ecc26be6.19637869"} 
[2025-07-14 08:42:50] prod.INFO: Starting processSuccessfulPayment for order: order_6874c2ecc26be6.19637869  
[2025-07-14 08:42:50] prod.INFO: Order search result for uniqId=order_6874c2ecc26be6.19637869 {"found":true} 
[2025-07-14 08:42:50] prod.INFO: Order found {"order_id":1000622,"tour_id":51} 
[2025-07-14 08:42:50] prod.INFO: sql select passangers [{"stdClass":{"id":799,"name":"Test","second_name":"Test","patronymic":"","order_id":"order_6874c2ecc26be6.19637869","birth_date":"","ticket_return":0,"return_reason":0,"return_payment_type":0,"return_date":null}}] 
[2025-07-14 08:42:51] prod.INFO: Email sent to: test@test.test  
[2025-07-14 08:42:51] prod.INFO: Tickets processed successfully for order: order_6874c2ecc26be6.19637869  
[2025-07-14 08:43:44] prod.INFO: LiqPay callback received {"payment_id":2677645417,"action":"pay","status":"sandbox","version":3,"type":"buy","paytype":"card","public_key":"i78537990534","acq_id":414963,"order_id":"ORDER_order_6874c3314be7b0.39596742_1752482613","liqpay_order_id":"II3TTZWA1752482623795481","description":"Билет на маршрут Афины Остановка &#34;Эсперия Тревел&#34; - Запорожье Старосенная на 2025-7-25, 1 пассажиров. Покупатель: test@test.test Test Test +38 (011) 111-1111","sender_phone":"380976212422","sender_card_mask2":"516936*93","sender_card_bank":"pb","sender_card_type":"mc","sender_card_country":804,"ip":"104.28.252.247","amount":5000.0,"currency":"UAH","sender_commission":0.0,"receiver_commission":75.0,"agent_commission":0.0,"amount_debit":5000.0,"amount_credit":5000.0,"commission_debit":0.0,"commission_credit":75.0,"currency_debit":"UAH","currency_credit":"UAH","sender_bonus":0.0,"amount_bonus":0.0,"mpi_eci":"7","is_3ds":false,"language":"uk","product_description":"Билет на маршрут Афины Остановка &#34;Эсперия Тревел&#34; - Запорожье Старосенная на 2025-7-25, 1 пассажиров. Покупатель: test@test.test Test Test +38 (011) 111-1111","create_date":1752482623797,"end_date":1752482624018,"confirm_phone":"380976212422","transaction_id":2677645417} 
[2025-07-14 08:43:44] prod.INFO: Order ID extraction: {"original":"ORDER_order_6874c3314be7b0.39596742_1752482613","extracted":"order_6874c3314be7b0.39596742"} 
[2025-07-14 08:43:44] prod.INFO: Starting processSuccessfulPayment for order: order_6874c3314be7b0.39596742  
[2025-07-14 08:43:44] prod.INFO: Order search result for uniqId=order_6874c3314be7b0.39596742 {"found":true} 
[2025-07-14 08:43:44] prod.INFO: Order found {"order_id":1000623,"tour_id":51} 
[2025-07-14 08:43:44] prod.INFO: sql select passangers [{"stdClass":{"id":800,"name":"Test","second_name":"Test","patronymic":"","order_id":"order_6874c3314be7b0.39596742","birth_date":"","ticket_return":0,"return_reason":0,"return_payment_type":0,"return_date":null}}] 
[2025-07-14 08:43:44] prod.INFO: Email sent to: test@test.test  
[2025-07-14 08:43:44] prod.INFO: Tickets processed successfully for order: order_6874c3314be7b0.39596742  
[2025-07-14 08:44:32] prod.INFO: LiqPay callback received {"payment_id":2677645887,"action":"pay","status":"sandbox","version":3,"type":"buy","paytype":"card","public_key":"i78537990534","acq_id":414963,"order_id":"ORDER_order_6874c3621704b2.55782888_1752482660","liqpay_order_id":"VEGN07SF1752482672418198","description":"Билет на маршрут Афины Остановка &#34;Эсперия Тревел&#34; - Запорожье Старосенная на 2025-7-25, 1 пассажиров. Покупатель: test@test.test Test Test +38 (011) 111-1111","sender_phone":"380976212422","sender_card_mask2":"516936*93","sender_card_bank":"pb","sender_card_type":"mc","sender_card_country":804,"ip":"104.28.252.247","amount":5000.0,"currency":"UAH","sender_commission":0.0,"receiver_commission":75.0,"agent_commission":0.0,"amount_debit":5000.0,"amount_credit":5000.0,"commission_debit":0.0,"commission_credit":75.0,"currency_debit":"UAH","currency_credit":"UAH","sender_bonus":0.0,"amount_bonus":0.0,"mpi_eci":"7","is_3ds":false,"language":"uk","product_description":"Билет на маршрут Афины Остановка &#34;Эсперия Тревел&#34; - Запорожье Старосенная на 2025-7-25, 1 пассажиров. Покупатель: test@test.test Test Test +38 (011) 111-1111","create_date":1752482672421,"end_date":1752482672701,"confirm_phone":"380976212422","transaction_id":2677645887} 
[2025-07-14 08:44:32] prod.INFO: Order ID extraction: {"original":"ORDER_order_6874c3621704b2.55782888_1752482660","extracted":"order_6874c3621704b2.55782888"} 
[2025-07-14 08:44:32] prod.INFO: Starting processSuccessfulPayment for order: order_6874c3621704b2.55782888  
[2025-07-14 08:44:32] prod.INFO: Order search result for uniqId=order_6874c3621704b2.55782888 {"found":true} 
[2025-07-14 08:44:32] prod.INFO: Order found {"order_id":1000624,"tour_id":51} 
[2025-07-14 08:44:32] prod.INFO: sql select passangers [{"stdClass":{"id":801,"name":"Test","second_name":"Test","patronymic":"","order_id":"order_6874c3621704b2.55782888","birth_date":"","ticket_return":0,"return_reason":0,"return_payment_type":0,"return_date":null}}] 
[2025-07-14 08:44:33] prod.INFO: Email sent to: test@test.test  
[2025-07-14 08:44:33] prod.INFO: Tickets processed successfully for order: order_6874c3621704b2.55782888  
[2025-07-14 08:48:26] prod.INFO: LiqPay callback received {"payment_id":2677648317,"action":"pay","status":"sandbox","version":3,"type":"buy","paytype":"card","public_key":"i78537990534","acq_id":414963,"order_id":"ORDER_order_6874c44f94d2f0.23146546_1752482897","liqpay_order_id":"QUP2Y8T81752482905767023","description":"Билет на маршрут Афины Остановка &#34;Эсперия Тревел&#34; - Запорожье Старосенная на 2025-7-18, 1 пассажиров. Покупатель: test@test.test Test Test +38 (011) 111-1111","sender_phone":"380976212422","sender_card_mask2":"516936*93","sender_card_bank":"pb","sender_card_type":"mc","sender_card_country":804,"ip":"104.28.252.247","amount":5000.0,"currency":"UAH","sender_commission":0.0,"receiver_commission":75.0,"agent_commission":0.0,"amount_debit":5000.0,"amount_credit":5000.0,"commission_debit":0.0,"commission_credit":75.0,"currency_debit":"UAH","currency_credit":"UAH","sender_bonus":0.0,"amount_bonus":0.0,"mpi_eci":"7","is_3ds":false,"language":"uk","product_description":"Билет на маршрут Афины Остановка &#34;Эсперия Тревел&#34; - Запорожье Старосенная на 2025-7-18, 1 пассажиров. Покупатель: test@test.test Test Test +38 (011) 111-1111","create_date":1752482905768,"end_date":1752482906147,"confirm_phone":"380976212422","transaction_id":2677648317} 
[2025-07-14 08:48:26] prod.INFO: Order ID extraction: {"original":"ORDER_order_6874c44f94d2f0.23146546_1752482897","extracted":"order_6874c44f94d2f0.23146546"} 
[2025-07-14 08:48:26] prod.INFO: Starting processSuccessfulPayment for order: order_6874c44f94d2f0.23146546  
[2025-07-14 08:48:26] prod.INFO: Order search result for uniqId=order_6874c44f94d2f0.23146546 {"found":true} 
[2025-07-14 08:48:26] prod.INFO: Order found {"order_id":1000625,"tour_id":51} 
[2025-07-14 08:48:26] prod.INFO: sql select passangers [{"stdClass":{"id":802,"name":"Test","second_name":"Test","patronymic":"","order_id":"order_6874c44f94d2f0.23146546","birth_date":"","ticket_return":0,"return_reason":0,"return_payment_type":0,"return_date":null}}] 
[2025-07-14 08:48:26] prod.INFO: Email sent to: test@test.test  
[2025-07-14 08:48:26] prod.INFO: Tickets processed successfully for order: order_6874c44f94d2f0.23146546  
[2025-07-14 08:49:44] prod.INFO: LiqPay callback received {"payment_id":2677649150,"action":"pay","status":"sandbox","version":3,"type":"buy","paytype":"card","public_key":"i78537990534","acq_id":414963,"order_id":"ORDER_order_6874c49653cdb3.18575887_1752482968","liqpay_order_id":"GVW0D0RL1752482982432010","description":"Билет на маршрут Афины Остановка &#34;Эсперия Тревел&#34; - Запорожье Старосенная на 2025-7-18, 1 пассажиров. Покупатель: test@test.test Test Test +38 (011) 111-1111","sender_phone":"380976212422","sender_card_mask2":"516936*93","sender_card_bank":"pb","sender_card_type":"mc","sender_card_country":804,"ip":"104.28.252.247","amount":5000.0,"currency":"UAH","sender_commission":0.0,"receiver_commission":75.0,"agent_commission":0.0,"amount_debit":5000.0,"amount_credit":5000.0,"commission_debit":0.0,"commission_credit":75.0,"currency_debit":"UAH","currency_credit":"UAH","sender_bonus":0.0,"amount_bonus":0.0,"mpi_eci":"7","is_3ds":false,"language":"uk","product_description":"Билет на маршрут Афины Остановка &#34;Эсперия Тревел&#34; - Запорожье Старосенная на 2025-7-18, 1 пассажиров. Покупатель: test@test.test Test Test +38 (011) 111-1111","create_date":1752482982434,"end_date":1752482982732,"confirm_phone":"380976212422","transaction_id":2677649150} 
[2025-07-14 08:49:44] prod.INFO: Order ID extraction: {"original":"ORDER_order_6874c49653cdb3.18575887_1752482968","extracted":"order_6874c49653cdb3.18575887"} 
[2025-07-14 08:49:44] prod.INFO: Starting processSuccessfulPayment for order: order_6874c49653cdb3.18575887  
[2025-07-14 08:49:44] prod.INFO: Order search result for uniqId=order_6874c49653cdb3.18575887 {"found":true} 
[2025-07-14 08:49:44] prod.INFO: Order found {"order_id":1000626,"tour_id":51} 
[2025-07-14 08:49:44] prod.INFO: sql select passangers [{"stdClass":{"id":803,"name":"Test","second_name":"Test","patronymic":"","order_id":"order_6874c49653cdb3.18575887","birth_date":"","ticket_return":0,"return_reason":0,"return_payment_type":0,"return_date":null}}] 
[2025-07-14 08:49:44] prod.INFO: Email sent to: test@test.test  
[2025-07-14 08:49:44] prod.INFO: Tickets processed successfully for order: order_6874c49653cdb3.18575887  
[2025-07-14 08:57:01] prod.ERROR: Cannot redeclare function simple_php_captcha() (previously declared in /home/vv513819/maxtransltd.com/www/legacy/admin/libs/captcha/simple-php-captcha.php:9) {"exception":"[object] (Symfony\\Component\\ErrorHandler\\Error\\FatalError(code: 0): Cannot redeclare function simple_php_captcha() (previously declared in /home/vv513819/maxtransltd.com/www/legacy/admin/libs/captcha/simple-php-captcha.php:9) at /home/vv513819/maxtransltd.com/www/legacy/admin/libs/captcha/simple-php-captcha.php:9)
[stacktrace]
#0 {main}
"} 
[2025-07-14 09:07:42] prod.ERROR: Cannot redeclare function simple_php_captcha() (previously declared in /home/vv513819/maxtransltd.com/www/legacy/admin/libs/captcha/simple-php-captcha.php:9) {"exception":"[object] (Symfony\\Component\\ErrorHandler\\Error\\FatalError(code: 0): Cannot redeclare function simple_php_captcha() (previously declared in /home/vv513819/maxtransltd.com/www/legacy/admin/libs/captcha/simple-php-captcha.php:9) at /home/vv513819/maxtransltd.com/www/legacy/admin/libs/captcha/simple-php-captcha.php:9)
[stacktrace]
#0 {main}
"} 
[2025-07-14 12:20:29] prod.ERROR: Ошибка перевода: SQLSTATE[42S02]: Base table or view not found: 1146 Table 'vv513819_db.mt_about' doesn't exist (Connection: mysql, SQL: select `title_ru` as `value` from `mt_about` where `code` = us limit 1)  
[2025-07-14 12:21:51] prod.ERROR: Ошибка перевода: SQLSTATE[42S02]: Base table or view not found: 1146 Table 'vv513819_db.mt_about' doesn't exist (Connection: mysql, SQL: select `title_ru` as `value` from `mt_about` where `code` = us limit 1)  
[2025-07-14 10:03:30] prod.INFO: LiqPay callback received {"payment_id":2677656656,"action":"pay","status":"failure","err_code":"9989","err_description":"Authentication failure","version":3,"type":"buy","paytype":"card","public_key":"i78537990534","acq_id":414963,"order_id":"ORDER_order_6874c769315514.87313689_1752483692","liqpay_order_id":"25RUVFMU1752483807905884","description":"Билет на маршрут Афины Остановка &#34;Эсперия Тревел&#34; - Запорожье Старосенная на 2025-7-18, 1 пассажиров. Покупатель: tester@gmail.com Test Test +38 (011) 111-1111","sender_card_mask2":"516936*93","sender_card_bank":"pb","sender_card_type":"mc","sender_card_country":804,"ip":"104.28.252.247","amount":5000.0,"currency":"UAH","sender_commission":0.0,"receiver_commission":75.0,"agent_commission":0.0,"amount_debit":5000.0,"amount_credit":5000.0,"commission_debit":0.0,"commission_credit":75.0,"currency_debit":"UAH","currency_credit":"UAH","sender_bonus":0.0,"amount_bonus":0.0,"mpi_eci":"7","is_3ds":false,"language":"uk","product_description":"Билет на маршрут Афины Остановка &#34;Эсперия Тревел&#34; - Запорожье Старосенная на 2025-7-18, 1 пассажиров. Покупатель: tester@gmail.com Test Test +38 (011) 111-1111","create_date":1752483699868,"end_date":1752487410401,"transaction_id":2677656656,"code":"9989"} 
[2025-07-14 10:20:35] prod.INFO: LiqPay callback received {"payment_id":2677706183,"action":"pay","status":"success","version":3,"type":"buy","paytype":"card","public_key":"i78537990534","acq_id":414963,"order_id":"ORDER_order_6874d9b93389e4.58697376_1752488382","liqpay_order_id":"V0XSW98W1752488433316993","description":"Билет на маршрут Одеса Старосінна - Кривий Ріг Автостанція &#34;Коблево 2&#34; на 2025-09-19, 1 пассажиров. Покупатель: maxtransltdads@gmail.com ИмяТест ФамилияТест +38 (095) 111-1111","sender_first_name":"Вадим","sender_last_name":"Хоменко","sender_card_mask2":"444111*29","sender_card_bank":"JSC UNIVERSAL BANK","sender_card_type":"visa","sender_card_country":804,"ip":"79.142.196.129","amount":50.0,"currency":"UAH","sender_commission":0.0,"receiver_commission":0.75,"agent_commission":0.0,"amount_debit":50.0,"amount_credit":50.0,"commission_debit":0.0,"commission_credit":0.75,"currency_debit":"UAH","currency_credit":"UAH","sender_bonus":0.0,"amount_bonus":0.0,"authcode_debit":"894767","rrn_debit":"006143833410","mpi_eci":"5","is_3ds":true,"language":"uk","product_description":"Билет на маршрут Одеса Старосінна - Кривий Ріг Автостанція &#34;Коблево 2&#34; на 2025-09-19, 1 пассажиров. Покупатель: maxtransltdads@gmail.com ИмяТест ФамилияТест +38 (095) 111-1111","create_date":1752488422881,"end_date":1752488435274,"transaction_id":2677706183,"tid":"385195372349283"} 
[2025-07-14 10:20:35] prod.INFO: Order ID extraction: {"original":"ORDER_order_6874d9b93389e4.58697376_1752488382","extracted":"order_6874d9b93389e4.58697376"} 
[2025-07-14 10:20:35] prod.INFO: Starting processSuccessfulPayment for order: order_6874d9b93389e4.58697376  
[2025-07-14 10:20:35] prod.INFO: Order search result for uniqId=order_6874d9b93389e4.58697376 {"found":true} 
[2025-07-14 10:20:35] prod.INFO: Order found {"order_id":1000634,"tour_id":52} 
[2025-07-14 10:20:35] prod.INFO: sql select passangers [{"stdClass":{"id":811,"name":"ИмяТест","second_name":"ФамилияТест","patronymic":"","order_id":"order_6874d9b93389e4.58697376","birth_date":"","ticket_return":0,"return_reason":0,"return_payment_type":0,"return_date":null}}] 
[2025-07-14 10:20:35] prod.INFO: Email sent to: maxtransltdads@gmail.com  
[2025-07-14 10:20:35] prod.INFO: Email sent to: max210183@ukr.net  
[2025-07-14 10:20:35] prod.INFO: Tickets processed successfully for order: order_6874d9b93389e4.58697376  
[2025-07-14 14:55:06] prod.ERROR: Ошибка перевода: SQLSTATE[42S02]: Base table or view not found: 1146 Table 'vv513819_db.mt_about' doesn't exist (Connection: mysql, SQL: select `title_ru` as `value` from `mt_about` where `code` = us limit 1)  
[2025-07-14 22:54:54] prod.ERROR: Ошибка перевода: SQLSTATE[42S02]: Base table or view not found: 1146 Table 'vv513819_db.mt_about' doesn't exist (Connection: mysql, SQL: select `title_ru` as `value` from `mt_about` where `code` = us limit 1)  
