[2025-11-12 23:38:03] Google OAuth: Script accessed with URL: /social/google.php?state=123&code=4%2F0Ab32j93CNovJ1C6RmUHoPmbt4b4vhlj5XKAmGi4Z2BAhIp9oiMUq_2bMoDd6lqsNUr-8bQ&scope=email+profile+https%3A%2F%2Fwww.googleapis.com%2Fauth%2Fuserinfo.profile+https%3A%2F%2Fwww.googleapis.com%2Fauth%2Fuserinfo.email+openid&authuser=0&prompt=none
[2025-11-12 23:38:03] Google OAuth: Processing authentication with code: 4/0Ab32j93CNovJ1C6Rm...
[2025-11-12 23:38:03] Google OAuth: Successfully got user info for: dudavx85@gmail.com
[2025-11-12 23:38:03] Google OAuth: Legacy path: /home/vv513819/maxtransltd.com/www/legacy/
[2025-11-13 01:38:03] Google OAuth: Legacy config loaded successfully
[2025-11-13 01:38:03] Google OAuth: User exists: Yes (ID: 298)
[2025-11-13 01:38:03] Google OAuth: User updated successfully. Redirecting to: /resources/views/legacy/debug/session_test.php
[2025-11-12 23:40:36] Google OAuth: Script accessed with URL: /social/google.php?state=123&code=4%2F0Ab32j914t4C0vaZbR8AIqt4R0sarOnnUK-l-PVV4P53yZftZWRWWA0FDkx8rP3LMAJOo4A&scope=email+profile+https%3A%2F%2Fwww.googleapis.com%2Fauth%2Fuserinfo.profile+https%3A%2F%2Fwww.googleapis.com%2Fauth%2Fuserinfo.email+openid&authuser=0&prompt=none
[2025-11-12 23:40:36] Google OAuth: Processing authentication with code: 4/0Ab32j914t4C0vaZbR...
[2025-11-12 23:40:36] Google OAuth: Successfully got user info for: dudavx85@gmail.com
[2025-11-12 23:40:36] Google OAuth: Legacy path: /home/vv513819/maxtransltd.com/www/legacy/
[2025-11-13 01:40:36] Google OAuth: Legacy config loaded successfully
[2025-11-13 01:40:36] Google OAuth: User exists: Yes (ID: 298)
[2025-11-13 01:40:36] Google OAuth: User updated successfully. Redirecting to: /debug/session
[2025-11-12 23:42:25] Google OAuth: Script accessed with URL: /social/google.php?state=123&code=4%2F0Ab32j91QmjTc38-clKWUD_iiGiLnZRhV8ObAdtaUAyFdH2QEc_zWSEvsKDQj7J9ugVWvTg&scope=email+profile+https%3A%2F%2Fwww.googleapis.com%2Fauth%2Fuserinfo.profile+openid+https%3A%2F%2Fwww.googleapis.com%2Fauth%2Fuserinfo.email&authuser=0&prompt=none
[2025-11-12 23:42:25] Google OAuth: Processing authentication with code: 4/0Ab32j91QmjTc38-cl...
[2025-11-12 23:42:25] Google OAuth: Successfully got user info for: dudavx85@gmail.com
[2025-11-12 23:42:25] Google OAuth: Legacy path: /home/vv513819/maxtransltd.com/www/legacy/
[2025-11-13 01:42:25] Google OAuth: Legacy config loaded successfully
[2025-11-13 01:42:25] Google OAuth: User exists: Yes (ID: 298)
[2025-11-13 01:42:25] Google OAuth: User updated successfully. Redirecting to: /majbutni-pozdki
[2025-11-13 01:42:25] Google OAuth: Session data: Array
(
    [auth] => 1
    [crypt] => 3567e620d6e2c48eb7de514bdcf0d803914717c8383a9b89f522bdda753cff4e78b34e192308d6af63bbdfd046148437217423385db161bb75cd922e04ce55e3
    [isAuth] => 1
    [email] => dudavx85@gmail.com
    [name] => Andrey
    [id] => 298
)

[2025-11-13 13:24:09] Google OAuth: Script accessed with URL: /social/google.php?state=123&code=4%2F0Ab32j91nGtLc8uLj2Wz4l2ZOD2RX7ARY1uP-ZITXhf-UKEzu8rGaI5PjNmYw-NS87om04Q&scope=email+profile+https%3A%2F%2Fwww.googleapis.com%2Fauth%2Fuserinfo.profile+https%3A%2F%2Fwww.googleapis.com%2Fauth%2Fuserinfo.email+openid&authuser=0&prompt=consent
[2025-11-13 13:24:09] Google OAuth: Processing authentication with code: 4/0Ab32j91nGtLc8uLj2...
[2025-11-13 13:24:09] Google OAuth: Successfully got user info for: hodanolga80@gmail.com
[2025-11-13 13:24:09] Google OAuth: Legacy path: /home/vv513819/maxtransltd.com/www/legacy/
[2025-11-13 15:24:09] Google OAuth: Legacy config loaded successfully
[2025-11-13 15:24:09] Google OAuth: User exists: No
[2025-11-13 15:24:09] Google OAuth: New user created successfully. Redirecting to: /majbutni-pozdki
[2025-11-13 15:24:09] Google OAuth: Session data: Array
(
    [auth] => 
    [crypt] => 98847ad5ae80ae14d5128146996e89c9511ca23fc42195ae9334894d4f2923faa3936d0c15a6e2345c32de295ccbbfd93ab3c5f0c0375605202c7937f42f1cf2
    [isAuth] => 1
    [email] => hodanolga80@gmail.com
    [name] => Ольга
    [id] => 300
)

[2025-12-05 11:00:09] Google OAuth: Script accessed with URL: /social/google.php?state=123&code=4%2F0ATX87lMpF2_C4Vc-im0aZJmQivGr_qu-klpM0E98_D4_0L9cWcuqwhjG90i9vcMxiIpjBg&scope=email+profile+https%3A%2F%2Fwww.googleapis.com%2Fauth%2Fuserinfo.profile+https%3A%2F%2Fwww.googleapis.com%2Fauth%2Fuserinfo.email+openid&authuser=0&prompt=consent
[2025-12-05 11:00:09] Google OAuth: Processing authentication with code: 4/0ATX87lMpF2_C4Vc-i...
[2025-12-05 11:00:10] Google OAuth: Successfully got user info for: shcherbyna.julia@gmail.com
[2025-12-05 11:00:10] Google OAuth: Legacy path: /home/vv513819/maxtransltd.com/www/legacy/
[2025-12-05 13:00:10] Google OAuth: Legacy config loaded successfully
[2025-12-05 13:00:10] Google OAuth: User exists: No
[2025-12-05 13:00:10] Google OAuth: New user created successfully. Redirecting to: /majbutni-pozdki
[2025-12-05 13:00:10] Google OAuth: Session data: Array
(
    [auth] => 
    [crypt] => 2e9d1161134c398ad423e940752ae656029151d2ab9ec62ceeaf8ebb638d2f38cfcedb42b8e1678334946f5594874cd5d130541e80ccab8dcf21f69abeee562a
    [isAuth] => 1
    [email] => shcherbyna.julia@gmail.com
    [name] => Yuliia
    [id] => 307
)

[2025-12-08 10:49:57] Google OAuth: Script accessed with URL: /social/google.php?state=123&code=4%2F0ATX87lOa19C6YilFXMdo9izk6AWxt9bw79f15t1w8-xlqD84CCtLJ07--kA4Sm6HKT30Mw&scope=email+profile+https%3A%2F%2Fwww.googleapis.com%2Fauth%2Fuserinfo.profile+https%3A%2F%2Fwww.googleapis.com%2Fauth%2Fuserinfo.email+openid&authuser=3&prompt=consent
[2025-12-08 10:49:57] Google OAuth: Processing authentication with code: 4/0ATX87lOa19C6YilFX...
[2025-12-08 10:49:58] Google OAuth: Successfully got user info for: elias.mrayan@gmail.com
[2025-12-08 10:49:58] Google OAuth: Legacy path: /home/vv513819/maxtransltd.com/www/legacy/
[2025-12-08 12:49:58] Google OAuth: Legacy config loaded successfully
[2025-12-08 12:49:58] Google OAuth: User exists: No
[2025-12-08 12:49:58] Google OAuth: New user created successfully. Redirecting to: /majbutni-pozdki
[2025-12-08 12:49:58] Google OAuth: Session data: Array
(
    [auth] => 
    [crypt] => f063798fae285e2daf545f33e560993f3c04c2fc7802c49a87252aacaa9f082792332a5fe975b31523292d2186dfa35d4c62fabc594ae1d90dc2f3923a0f17dd
    [isAuth] => 1
    [email] => elias.mrayan@gmail.com
    [name] => Elias
    [id] => 309
)

[2025-12-09 16:04:20] Google OAuth: Script accessed with URL: /social/google.php?state=123&code=4%2F0ATX87lPdE8krr6SuUx5scJRE4M97Xc1v8tzzo6PGEm_8Dnc4ECNyhCCntofgK3WoviStKA&scope=email+profile+https%3A%2F%2Fwww.googleapis.com%2Fauth%2Fuserinfo.email+https%3A%2F%2Fwww.googleapis.com%2Fauth%2Fuserinfo.profile+openid&authuser=0&prompt=none
[2025-12-09 16:04:20] Google OAuth: Processing authentication with code: 4/0ATX87lPdE8krr6SuU...
[2025-12-09 16:04:21] Google OAuth: Successfully got user info for: shcherbyna.julia@gmail.com
[2025-12-09 16:04:21] Google OAuth: Legacy path: /home/vv513819/maxtransltd.com/www/legacy/
[2025-12-09 18:04:21] Google OAuth: Legacy config loaded successfully
[2025-12-09 18:04:21] Google OAuth: User exists: Yes (ID: 307)
[2025-12-09 18:04:21] Google OAuth: User updated successfully. Redirecting to: /majbutni-pozdki
[2025-12-09 18:04:21] Google OAuth: Session data: Array
(
    [auth] => 
    [crypt] => 8808af3097fe234d7722bfad98e8eb7ceeed29f52742e2cff19819a70be3ee2dff347f2772707dfe441d9d703297f54615393c50a20a9b862ade653f77a9b060
    [isAuth] => 1
    [email] => shcherbyna.julia@gmail.com
    [name] => Yuliia
    [id] => 307
)

[2025-12-09 17:39:00] Google OAuth: Script accessed with URL: /social/google.php?state=123&code=4%2F0ATX87lMQmZGTdxET44u25cWQhXIq-TQylAhujDc-IIAVqXZ2FPUGg4vReSl3J6FpHZ2f4Q&scope=email+profile+https%3A%2F%2Fwww.googleapis.com%2Fauth%2Fuserinfo.profile+openid+https%3A%2F%2Fwww.googleapis.com%2Fauth%2Fuserinfo.email&authuser=0&prompt=none
[2025-12-09 17:39:00] Google OAuth: Processing authentication with code: 4/0ATX87lMQmZGTdxET4...
[2025-12-09 17:39:00] Google OAuth: Successfully got user info for: shcherbyna.julia@gmail.com
[2025-12-09 17:39:00] Google OAuth: Legacy path: /home/vv513819/maxtransltd.com/www/legacy/
[2025-12-09 19:39:00] Google OAuth: Legacy config loaded successfully
[2025-12-09 19:39:00] Google OAuth: User exists: Yes (ID: 307)
[2025-12-09 19:39:00] Google OAuth: User updated successfully. Redirecting to: /majbutni-pozdki
[2025-12-09 19:39:00] Google OAuth: Session data: Array
(
    [auth] => 
    [crypt] => 2ce6dc10c83d412aba7b816b66b38464275fc918a4a141df9104b6ce2842adda95bf4799ceceaf63880973a7dcf3d8183fd201514fd7622a7a20596fd902da08
    [isAuth] => 1
    [email] => shcherbyna.julia@gmail.com
    [name] => Yuliia
    [id] => 307
)

[2025-12-09 18:52:39] Google OAuth: Script accessed with URL: /social/google.php?state=123&code=4%2F0ATX87lMnTJdl9stUywBRCY36TcyWTaPXXtYOi8-ZEiDngxmWpA2Z6RXWUXRMoG0RwO4D0g&scope=email+profile+https%3A%2F%2Fwww.googleapis.com%2Fauth%2Fuserinfo.email+https%3A%2F%2Fwww.googleapis.com%2Fauth%2Fuserinfo.profile+openid&authuser=0&prompt=none
[2025-12-09 18:52:39] Google OAuth: Processing authentication with code: 4/0ATX87lMnTJdl9stUy...
[2025-12-09 18:52:39] Google OAuth: Successfully got user info for: shcherbyna.julia@gmail.com
[2025-12-09 18:52:39] Google OAuth: Legacy path: /home/vv513819/maxtransltd.com/www/legacy/
[2025-12-09 20:52:39] Google OAuth: Legacy config loaded successfully
[2025-12-09 20:52:39] Google OAuth: User exists: Yes (ID: 307)
[2025-12-09 20:52:39] Google OAuth: User updated successfully. Redirecting to: /majbutni-pozdki
[2025-12-09 20:52:39] Google OAuth: Session data: Array
(
    [auth] => 
    [crypt] => 930634fd3e072cb9a40c739ededfbd455bc4ea9f6d37da2b47cd59fcc6b0617a1d592730d392d9f5a857f8269bf1704de6337d57052b8e643ab505876a3f8d8b
    [isAuth] => 1
    [email] => shcherbyna.julia@gmail.com
    [name] => Yuliia
    [id] => 307
)

[2025-12-09 19:28:26] Google OAuth: Script accessed with URL: /social/google.php?state=123&code=4%2F0ATX87lNGzlwWQKM04HVqK4sdafk6I_t_jTu9nqS3y8JXssgW7N9s-zsECjnENb49ASy4Nw&scope=email+profile+https%3A%2F%2Fwww.googleapis.com%2Fauth%2Fuserinfo.profile+https%3A%2F%2Fwww.googleapis.com%2Fauth%2Fuserinfo.email+openid&authuser=0&prompt=none
[2025-12-09 19:28:26] Google OAuth: Processing authentication with code: 4/0ATX87lNGzlwWQKM04...
[2025-12-09 19:28:26] Google OAuth: Successfully got user info for: shcherbyna.julia@gmail.com
[2025-12-09 19:28:26] Google OAuth: Legacy path: /home/vv513819/maxtransltd.com/www/legacy/
[2025-12-09 21:28:26] Google OAuth: Legacy config loaded successfully
[2025-12-09 21:28:26] Google OAuth: User exists: Yes (ID: 307)
[2025-12-09 21:28:26] Google OAuth: User updated successfully. Redirecting to: /majbutni-pozdki
[2025-12-09 21:28:26] Google OAuth: Session data: Array
(
    [auth] => 1
    [crypt] => 9ed2f6c2daa786f3fa0ae3182914296b0721ddf6e8bbfab1757bda752205ac2e4b83a90717728edc6461d3ffc0c911d06787f59b1a528db088e8be2312fafb3a
    [isAuth] => 1
    [email] => shcherbyna.julia@gmail.com
    [name] => Yuliia
    [id] => 307
)

[2025-12-10 19:18:17] Google OAuth: Script accessed with URL: /social/google.php?state=123&code=4%2F0ATX87lNMyABWbM02-f1wsuxkYNEFRK9aUxDzsXqUeQvm_nCjvPDW0BxyTcog68TZ_SfjPA&scope=email+profile+https%3A%2F%2Fwww.googleapis.com%2Fauth%2Fuserinfo.profile+https%3A%2F%2Fwww.googleapis.com%2Fauth%2Fuserinfo.email+openid&authuser=0&prompt=none
[2025-12-10 19:18:17] Google OAuth: Processing authentication with code: 4/0ATX87lNMyABWbM02-...
[2025-12-10 19:18:17] Google OAuth: Successfully got user info for: shcherbyna.julia@gmail.com
[2025-12-10 19:18:17] Google OAuth: Legacy path: /home/vv513819/maxtransltd.com/www/legacy/
[2025-12-10 21:18:17] Google OAuth: Legacy config loaded successfully
[2025-12-10 21:18:17] Google OAuth: User exists: Yes (ID: 307)
[2025-12-10 21:18:17] Google OAuth: User updated successfully. Redirecting to: /majbutni-pozdki
[2025-12-10 21:18:17] Google OAuth: Session data: Array
(
    [auth] => 
    [crypt] => d4d33ccb53bcbf5bd090cfbecfa27e5ef4e2607cdee67687c15cd85a2b53634d4173ea6e28c3ade5113b53e86092bfd268bba1c9b584c930ed9c8530b38d6b0d
    [isAuth] => 1
    [email] => shcherbyna.julia@gmail.com
    [name] => Yuliia
    [id] => 307
)

[2025-12-11 14:26:29] Google OAuth: Script accessed with URL: /social/google.php?state=123&code=4%2F0ATX87lNhK9xQKi2si3-8hwWPgyLaGukJPdYWSDumGld5FJQDNMq_suNx3eIFjGFEDpiW0A&scope=email+profile+https%3A%2F%2Fwww.googleapis.com%2Fauth%2Fuserinfo.profile+https%3A%2F%2Fwww.googleapis.com%2Fauth%2Fuserinfo.email+openid&authuser=0&prompt=consent
[2025-12-11 14:26:29] Google OAuth: Processing authentication with code: 4/0ATX87lNhK9xQKi2si...
[2025-12-11 14:26:29] Google OAuth: Successfully got user info for: kudri2000@gmail.com
[2025-12-11 14:26:29] Google OAuth: Legacy path: /home/vv513819/maxtransltd.com/www/legacy/
[2025-12-11 16:26:29] Google OAuth: Legacy config loaded successfully
[2025-12-11 16:26:29] Google OAuth: User exists: No
[2025-12-11 16:26:29] Google OAuth: New user created successfully. Redirecting to: /majbutni-pozdki
[2025-12-11 16:26:29] Google OAuth: Session data: Array
(
    [auth] => 
    [crypt] => ade1d82ea423fab4dc33516d2165ce33a664aadffb52b53979be700cbeceff44a2515a96349ea46f2e051af5c2223029989a1965ad9d3bf48e90dc9844c0fda8
    [isAuth] => 1
    [email] => kudri2000@gmail.com
    [name] => Юлія
    [id] => 311
)

[2026-01-02 09:38:10] Google OAuth: Script accessed with URL: /social/google.php?state=123&code=4%2F0ATX87lNjgWQl7ik6Nsj-a1UywYKLz-TtsrLe7_vFzIq2-0_gtabxE4Lpn6pO480a8D4dxQ&scope=email+profile+https%3A%2F%2Fwww.googleapis.com%2Fauth%2Fuserinfo.profile+https%3A%2F%2Fwww.googleapis.com%2Fauth%2Fuserinfo.email+openid&authuser=0&prompt=consent
[2026-01-02 09:38:10] Google OAuth: Processing authentication with code: 4/0ATX87lNjgWQl7ik6N...
[2026-01-02 09:38:10] Google OAuth: Successfully got user info for: mariatopuria302@gmail.com
[2026-01-02 09:38:10] Google OAuth: Legacy path: /home/vv513819/maxtransltd.com/www/legacy/
[2026-01-02 11:38:10] Google OAuth: Legacy config loaded successfully
[2026-01-02 11:38:10] Google OAuth: User exists: Yes (ID: 198)
[2026-01-02 11:38:10] Google OAuth: User updated successfully. Redirecting to: /majbutni-pozdki
[2026-01-02 11:38:10] Google OAuth: Session data: Array
(
    [auth] => 
    [crypt] => 42bc85af5a37951d1752e9c652f45923cb693c8a5ab55197dc851719d8bd4f76907a227a7993078094467fefed8f105d39f26d624167ca187f026da1a2e82649
    [isAuth] => 1
    [email] => mariatopuria302@gmail.com
    [name] => Мария
    [id] => 198
)

[2026-01-03 02:17:30] Google OAuth: Script accessed with URL: /social/google.php?state=123&code=4%2F0ATX87lNJJgTYqyvFj_Kh-kG1TQ4nYL68MKY6mp3KznOOAfY3oW2Ax39M7R30zFUWe1PXrQ&scope=email+profile+https%3A%2F%2Fwww.googleapis.com%2Fauth%2Fuserinfo.profile+https%3A%2F%2Fwww.googleapis.com%2Fauth%2Fuserinfo.email+openid&authuser=0&prompt=consent
[2026-01-03 02:17:30] Google OAuth: Processing authentication with code: 4/0ATX87lNJJgTYqyvFj...
[2026-01-03 02:17:30] Google OAuth: Successfully got user info for: danil223kadermiatov@gmail.com
[2026-01-03 02:17:30] Google OAuth: Legacy path: /home/vv513819/maxtransltd.com/www/legacy/
[2026-01-03 04:17:30] Google OAuth: Legacy config loaded successfully
[2026-01-03 04:17:30] Google OAuth: User exists: No
[2026-01-03 04:17:30] Google OAuth: New user created successfully. Redirecting to: /majbutni-pozdki
[2026-01-03 04:17:30] Google OAuth: Session data: Array
(
    [auth] => 
    [crypt] => d078d5e59fc87ecdcda69adbef84e69d8464291234458a45430766e047f6c05d6c25a296a0db3164ab13a578c435354942e07bd992137268e840318067cbc01e
    [isAuth] => 1
    [email] => danil223kadermiatov@gmail.com
    [name] => danil
    [id] => 332
)

